<?xml version="1.0" encoding="UTF-8" ?>
<testsuite tests="1" failures="0" name="ssii.p2.AStarSearchHGlobalDirtAndDistanceTest" time="0.026" errors="0" skipped="0">
  <properties>
    <property name="java.runtime.name" value="Java(TM) SE Runtime Environment"/>
    <property name="java.vm.version" value="10.0.1+10"/>
    <property name="sun.boot.library.path" value="C:\JDK\jdk10-64bits\bin"/>
    <property name="maven.multiModuleProjectDirectory" value="u:\hlocal\workspace-4.11-64bits\AI-Vacuum-World"/>
    <property name="java.vm.vendor" value="&quot;Oracle Corporation&quot;"/>
    <property name="java.vendor.url" value="http://java.oracle.com/"/>
    <property name="guice.disable.misplaced.annotation.check" value="true"/>
    <property name="path.separator" value=";"/>
    <property name="java.vm.name" value="Java HotSpot(TM) 64-Bit Server VM"/>
    <property name="file.encoding.pkg" value="sun.io"/>
    <property name="sun.os.patch.level" value=""/>
    <property name="user.script" value=""/>
    <property name="user.country" value="ES"/>
    <property name="sun.java.launcher" value="SUN_STANDARD"/>
    <property name="test" value="AStarSearchHGlobalDirtAndDistanceTest"/>
    <property name="java.vm.specification.name" value="Java Virtual Machine Specification"/>
    <property name="user.dir" value="u:\hlocal\workspace-4.11-64bits\AI-Vacuum-World"/>
    <property name="java.vm.compressedOopsMode" value="Zero based"/>
    <property name="java.runtime.version" value="10.0.1+10"/>
    <property name="java.awt.graphicsenv" value="sun.awt.Win32GraphicsEnvironment"/>
    <property name="os.arch" value="amd64"/>
    <property name="java.io.tmpdir" value="C:\Users\USUARI~2\AppData\Local\Temp\"/>
    <property name="line.separator" value="
"/>
    <property name="java.vm.specification.vendor" value="Oracle Corporation"/>
    <property name="user.variant" value=""/>
    <property name="os.name" value="Windows 10"/>
    <property name="classworlds.conf" value="C:\software\programacion\JAVA\apache-maven\bin\..\bin\m2.conf"/>
    <property name="sun.jnu.encoding" value="Cp1252"/>
    <property name="java.library.path" value="C:\JDK\jdk10-64bits\bin;C:\Windows\Sun\Java\bin;C:\Windows\system32;C:\Windows;C:\software\programacion\JAVA\apache-maven\bin;C:\JDK\jdk10-64bits\bin;C:\software\programacion\JAVA\apache-ant\bin;c:\software\math\MatLABr2018b\bin;c:\software\math\MatLABr2018b\bin\win64;C:\Program Files\Haskell\bin;C:\software\programacion\haskell\lib\extralibs\bin;C:\software\programacion\haskell\bin;c:\software\BBDD\Oracle\Ora11gr2_x64\cliente\bin;C:\Program Files (x86)\Common Files\Oracle\Java\javapath;C:\Windows\system32;C:\Windows;C:\Windows\System32\Wbem;C:\Windows\System32\WindowsPowerShell\v1.0\;C:\Windows\System32\OpenSSH\;c:\software\utilidades\LyX\MiKTeX 2.9\miktex\bin\;C:\software\programacion\NET\GTK\bin;C:\Program Files (x86)\GtkSharp\2.12\bin;c:\software\programacion\MSVStudioCode\bin;c:\software\programacion\CVersiones\Git\cmd;c:\software\electronica\XSTOOLs;C:\software\programacion\haskell\mingw\bin;C:\software\programacion\WWW\nodejs\;C:\software\multimedia\ChucK\/bin;C:\Program Files\dotnet\;c:\Program Files\Microsoft SQL Server\130\Tools\Binn\;C:\Program Files\Common Files\Autodesk Shared\;C:\software\utilidades\pandoc\;C:\software\programacion\CVersiones\tortoiseSVN\bin;C:\software\programacion\CVersiones\TortoiseGit\bin;C:\software\utilidades\LyX\Perl\bin;C:\software\utilidades\LyX\MiKTeX 2.9\miktex\bin\x64\;c:\software\math\MatLABr2018b\runtime\win64;C:\Users\Administrador\AppData\Roaming\cabal\bin;C:\software\programacion\haskell\stack\bin;C:\Users\Administrador\AppData\Local\Microsoft\WindowsApps;C:\Users\Administrador\AppData\Local\GitHubDesktop\bin;C:\Users\Administrador\AppData\Roaming\npm;C:\Program Files (x86)\Pico Technology\PicoScope6\;c:\Program Files\Microsoft SQL Server\Client SDK\ODBC\170\Tools\Binn\;c:\Program Files (x86)\IncrediBuild;C:\Users\usuario_local\AppData\Local\Microsoft\WindowsApps;C:\Users\usuario_local\AppData\Local\GitHubDesktop\bin;."/>
    <property name="maven.conf" value="C:\software\programacion\JAVA\apache-maven\bin\../conf"/>
    <property name="jdk.debug" value="release"/>
    <property name="java.class.version" value="54.0"/>
    <property name="java.specification.name" value="Java Platform API Specification"/>
    <property name="sun.management.compiler" value="HotSpot 64-Bit Tiered Compilers"/>
    <property name="os.version" value="10.0"/>
    <property name="library.jansi.path" value="C:\software\programacion\JAVA\apache-maven\bin\..\lib\jansi-native"/>
    <property name="user.home" value="C:\Users\usuario_local"/>
    <property name="user.timezone" value="Europe/Paris"/>
    <property name="java.awt.printerjob" value="sun.awt.windows.WPrinterJob"/>
    <property name="file.encoding" value="Cp1252"/>
    <property name="java.specification.version" value="10"/>
    <property name="user.name" value="usuario_local"/>
    <property name="java.class.path" value="C:\software\programacion\JAVA\apache-maven\bin\..\boot\plexus-classworlds-2.6.0.jar"/>
    <property name="java.vm.specification.version" value="10"/>
    <property name="sun.arch.data.model" value="64"/>
    <property name="sun.java.command" value="org.codehaus.plexus.classworlds.launcher.Launcher test -Dtest=AStarSearchHGlobalDirtAndDistanceTest"/>
    <property name="java.home" value="C:\JDK\jdk10-64bits"/>
    <property name="user.language" value="es"/>
    <property name="java.specification.vendor" value="Oracle Corporation"/>
    <property name="awt.toolkit" value="sun.awt.windows.WToolkit"/>
    <property name="java.vm.info" value="mixed mode"/>
    <property name="java.version" value="10.0.1"/>
    <property name="java.vendor" value="Oracle Corporation"/>
    <property name="sun.stderr.encoding" value="cp850"/>
    <property name="maven.home" value="C:\software\programacion\JAVA\apache-maven\bin\.."/>
    <property name="file.separator" value="\"/>
    <property name="java.version.date" value="2018-04-17"/>
    <property name="java.vendor.url.bug" value="http://bugreport.java.com/bugreport/"/>
    <property name="sun.io.unicode.encoding" value="UnicodeLittle"/>
    <property name="sun.cpu.endian" value="little"/>
    <property name="java.vendor.version" value="18.3"/>
    <property name="sun.stdout.encoding" value="cp850"/>
    <property name="sun.desktop" value="windows"/>
    <property name="sun.cpu.isalist" value="amd64"/>
  </properties>
  <testcase classname="ssii.p2.AStarSearchHGlobalDirtAndDistanceTest" name="testAgent" time="0.026"/>
</testsuite>